This is pdfTeX, Version 3.141592653-2.6-1.40.22 (MiKTeX 21.2) (preloaded format=pdflatex 2021.2.26)  17 MAR 2021 10:20
entering extended mode
**./FYS-MEK-prosjekt.tex
(FYS-MEK-prosjekt.tex
LaTeX2e <2020-10-01> patch level 4
L3 programming layer <2021-02-18> xparse <2020-03-03>
(C:\Users\jenst\AppData\Local\Programs\MiKTeX\tex/latex/base\article.cls
Document Class: article 2020/04/10 v1.4m Standard LaTeX document class
(C:\Users\jenst\AppData\Local\Programs\MiKTeX\tex/latex/base\size10.clo
File: size10.clo 2020/04/10 v1.4m Standard LaTeX file (size option)
)
\c@part=\count179
\c@section=\count180
\c@subsection=\count181
\c@subsubsection=\count182
\c@paragraph=\count183
\c@subparagraph=\count184
\c@figure=\count185
\c@table=\count186
\abovecaptionskip=\skip47
\belowcaptionskip=\skip48
\bibindent=\dimen138
)
(C:\Users\jenst\AppData\Local\Programs\MiKTeX\tex/latex/base\inputenc.sty
Package: inputenc 2020/08/01 v1.3d Input encoding file
\inpenc@prehook=\toks15
\inpenc@posthook=\toks16
)
(C:\Users\jenst\AppData\Local\Programs\MiKTeX\tex/generic/babel\babel.sty
Package: babel 2021/01/26 3.53 The Babel package

(C:\Users\jenst\AppData\Local\Programs\MiKTeX\tex/generic/babel\babel.def
File: babel.def 2021/01/26 3.53 Babel common definitions
\babel@savecnt=\count187
\U@D=\dimen139
\l@babelnohyphens=\language79

(C:\Users\jenst\AppData\Local\Programs\MiKTeX\tex/generic/babel\txtbabel.def)
\bbl@readstream=\read2
)
\bbl@dirlevel=\count188

*************************************
* Local config file bblopts.cfg used
*
(C:\Users\jenst\AppData\Local\Programs\MiKTeX\tex/latex/arabi\bblopts.cfg
File: bblopts.cfg 2005/09/08 v0.1 add Arabic and Farsi to "declared" options of
 babel
)
(C:\Users\jenst\AppData\Local\Programs\MiKTeX\tex/latex/babel-english\english.l
df
Language: english 2017/06/06 v3.3r English support from the babel system
Package babel Info: \l@canadian = using hyphenrules for english
(babel)             (\language0) on input line 102.
Package babel Info: \l@australian = using hyphenrules for ukenglish
(babel)             (\language73) on input line 105.
Package babel Info: \l@newzealand = using hyphenrules for ukenglish
(babel)             (\language73) on input line 108.
)
(C:\Users\jenst\AppData\Local\Programs\MiKTeX\tex/latex/babel-norsk\norsk.ldf
Language: norsk 2012/08/06 v2.0i Norsk support from the babel system
Package babel Info: Making " an active character on input line 113.
)) (C:\Users\jenst\AppData\Local\Programs\MiKTeX\tex/latex/amsmath\amsmath.sty
Package: amsmath 2020/09/23 v2.17i AMS math features
\@mathmargin=\skip49

For additional information on amsmath, use the `?' option.
(C:\Users\jenst\AppData\Local\Programs\MiKTeX\tex/latex/amsmath\amstext.sty
Package: amstext 2000/06/29 v2.01 AMS text

(C:\Users\jenst\AppData\Local\Programs\MiKTeX\tex/latex/amsmath\amsgen.sty
File: amsgen.sty 1999/11/30 v2.0 generic functions
\@emptytoks=\toks17
\ex@=\dimen140
))
(C:\Users\jenst\AppData\Local\Programs\MiKTeX\tex/latex/amsmath\amsbsy.sty
Package: amsbsy 1999/11/29 v1.2d Bold Symbols
\pmbraise@=\dimen141
)
(C:\Users\jenst\AppData\Local\Programs\MiKTeX\tex/latex/amsmath\amsopn.sty
Package: amsopn 2016/03/08 v2.02 operator names
)
\inf@bad=\count189
LaTeX Info: Redefining \frac on input line 234.
\uproot@=\count190
\leftroot@=\count191
LaTeX Info: Redefining \overline on input line 399.
\classnum@=\count192
\DOTSCASE@=\count193
LaTeX Info: Redefining \ldots on input line 496.
LaTeX Info: Redefining \dots on input line 499.
LaTeX Info: Redefining \cdots on input line 620.
\Mathstrutbox@=\box47
\strutbox@=\box48
\big@size=\dimen142
LaTeX Font Info:    Redeclaring font encoding OML on input line 743.
LaTeX Font Info:    Redeclaring font encoding OMS on input line 744.
\macc@depth=\count194
\c@MaxMatrixCols=\count195
\dotsspace@=\muskip16
\c@parentequation=\count196
\dspbrk@lvl=\count197
\tag@help=\toks18
\row@=\count198
\column@=\count199
\maxfields@=\count266
\andhelp@=\toks19
\eqnshift@=\dimen143
\alignsep@=\dimen144
\tagshift@=\dimen145
\tagwidth@=\dimen146
\totwidth@=\dimen147
\lineht@=\dimen148
\@envbody=\toks20
\multlinegap=\skip50
\multlinetaggap=\skip51
\mathdisplay@stack=\toks21
LaTeX Info: Redefining \[ on input line 2923.
LaTeX Info: Redefining \] on input line 2924.
)
(C:\Users\jenst\AppData\Local\Programs\MiKTeX\tex/latex/graphics\graphicx.sty
Package: graphicx 2020/09/09 v1.2b Enhanced LaTeX Graphics (DPC,SPQR)

(C:\Users\jenst\AppData\Local\Programs\MiKTeX\tex/latex/graphics\keyval.sty
Package: keyval 2014/10/28 v1.15 key=value parser (DPC)
\KV@toks@=\toks22
)
(C:\Users\jenst\AppData\Local\Programs\MiKTeX\tex/latex/graphics\graphics.sty
Package: graphics 2020/08/30 v1.4c Standard LaTeX Graphics (DPC,SPQR)

(C:\Users\jenst\AppData\Local\Programs\MiKTeX\tex/latex/graphics\trig.sty
Package: trig 2016/01/03 v1.10 sin cos tan (DPC)
)
(C:\Users\jenst\AppData\Local\Programs\MiKTeX\tex/latex/graphics-cfg\graphics.c
fg
File: graphics.cfg 2016/06/04 v1.11 sample graphics configuration
)
Package graphics Info: Driver file: pdftex.def on input line 105.

(C:\Users\jenst\AppData\Local\Programs\MiKTeX\tex/latex/graphics-def\pdftex.def
File: pdftex.def 2020/10/05 v1.2a Graphics/color driver for pdftex
))
\Gin@req@height=\dimen149
\Gin@req@width=\dimen150
)
(C:\Users\jenst\AppData\Local\Programs\MiKTeX\tex/latex/latex-tools\varioref.st
y
Package: varioref 2020/08/11 v1.6e package for extended references (FMi)
\c@vrcnt=\count267
)
(C:\Users\jenst\AppData\Local\Programs\MiKTeX\tex/latex/latex-tools\verbatim.st
y
Package: verbatim 2020-07-07 v1.5u LaTeX2e package for verbatim enhancements
\every@verbatim=\toks23
\verbatim@line=\toks24
\verbatim@in@stream=\read3
)
(C:\Users\jenst\AppData\Local\Programs\MiKTeX\tex/latex/amsfonts\amsfonts.sty
Package: amsfonts 2013/01/14 v3.01 Basic AMSFonts support
\symAMSa=\mathgroup4
\symAMSb=\mathgroup5
LaTeX Font Info:    Redeclaring math symbol \hbar on input line 98.
LaTeX Font Info:    Overwriting math alphabet `\mathfrak' in version `bold'
(Font)                  U/euf/m/n --> U/euf/b/n on input line 106.
)
(C:\Users\jenst\AppData\Local\Programs\MiKTeX\tex/latex/geometry\geometry.sty
Package: geometry 2020/01/02 v5.9 Page Geometry

(C:\Users\jenst\AppData\Local\Programs\MiKTeX\tex/generic/iftex\ifvtex.sty
Package: ifvtex 2019/10/25 v1.7 ifvtex legacy package. Use iftex instead.

(C:\Users\jenst\AppData\Local\Programs\MiKTeX\tex/generic/iftex\iftex.sty
Package: iftex 2020/03/06 v1.0d TeX engine tests
))
\Gm@cnth=\count268
\Gm@cntv=\count269
\c@Gm@tempcnt=\count270
\Gm@bindingoffset=\dimen151
\Gm@wd@mp=\dimen152
\Gm@odd@mp=\dimen153
\Gm@even@mp=\dimen154
\Gm@layoutwidth=\dimen155
\Gm@layoutheight=\dimen156
\Gm@layouthoffset=\dimen157
\Gm@layoutvoffset=\dimen158
\Gm@dimlist=\toks25

(C:\Users\jenst\AppData\Local\Programs\MiKTeX\tex/latex/geometry\geometry.cfg))
(C:\Users\jenst\AppData\Local\Programs\MiKTeX\tex/latex/xcolor\xcolor.sty
Package: xcolor 2016/05/11 v2.12 LaTeX color extensions (UK)

(C:\Users\jenst\AppData\Local\Programs\MiKTeX\tex/latex/graphics-cfg\color.cfg
File: color.cfg 2016/01/02 v1.6 sample color configuration
)
Package xcolor Info: Package option `usenames' ignored on input line 216.
Package xcolor Info: Driver file: pdftex.def on input line 225.
(C:\Users\jenst\AppData\Local\Programs\MiKTeX\tex/latex/colortbl\colortbl.sty
Package: colortbl 2020/01/04 v1.0e Color table columns (DPC)

(C:\Users\jenst\AppData\Local\Programs\MiKTeX\tex/latex/latex-tools\array.sty
Package: array 2020/10/01 v2.5c Tabular extension package (FMi)
\col@sep=\dimen159
\ar@mcellbox=\box49
\extrarowheight=\dimen160
\NC@list=\toks26
\extratabsurround=\skip52
\backup@length=\skip53
\ar@cellbox=\box50
)
\everycr=\toks27
\minrowclearance=\skip54
)
\rownum=\count271
Package xcolor Info: Model `cmy' substituted by `cmy0' on input line 1348.
Package xcolor Info: Model `hsb' substituted by `rgb' on input line 1352.
Package xcolor Info: Model `RGB' extended on input line 1364.
Package xcolor Info: Model `HTML' substituted by `rgb' on input line 1366.
Package xcolor Info: Model `Hsb' substituted by `hsb' on input line 1367.
Package xcolor Info: Model `tHsb' substituted by `hsb' on input line 1368.
Package xcolor Info: Model `HSB' substituted by `hsb' on input line 1369.
Package xcolor Info: Model `Gray' substituted by `gray' on input line 1370.
Package xcolor Info: Model `wave' substituted by `hsb' on input line 1371.
(C:\Users\jenst\AppData\Local\Programs\MiKTeX\tex/latex/graphics\dvipsnam.def
File: dvipsnam.def 2016/06/17 v3.0m Driver-dependent file (DPC,SPQR)
)
(C:\Users\jenst\AppData\Local\Programs\MiKTeX\tex/latex/xcolor\svgnam.def
File: svgnam.def 2016/05/11 v2.12 Predefined colors according to SVG 1.1 (UK)
))
(C:\Users\jenst\AppData\Local\Programs\MiKTeX\tex/latex/hyperref\hyperref.sty
Package: hyperref 2021-02-10 v7.00j Hypertext links for LaTeX

(C:\Users\jenst\AppData\Local\Programs\MiKTeX\tex/generic/ltxcmds\ltxcmds.sty
Package: ltxcmds 2020-05-10 v1.25 LaTeX kernel commands for general use (HO)
)
(C:\Users\jenst\AppData\Local\Programs\MiKTeX\tex/generic/pdftexcmds\pdftexcmds
.sty
Package: pdftexcmds 2020-06-27 v0.33 Utility functions of pdfTeX for LuaTeX (HO
)

(C:\Users\jenst\AppData\Local\Programs\MiKTeX\tex/generic/infwarerr\infwarerr.s
ty
Package: infwarerr 2019/12/03 v1.5 Providing info/warning/error messages (HO)
)
Package pdftexcmds Info: \pdf@primitive is available.
Package pdftexcmds Info: \pdf@ifprimitive is available.
Package pdftexcmds Info: \pdfdraftmode found.
)
(C:\Users\jenst\AppData\Local\Programs\MiKTeX\tex/generic/kvsetkeys\kvsetkeys.s
ty
Package: kvsetkeys 2019/12/15 v1.18 Key value parser (HO)
)
(C:\Users\jenst\AppData\Local\Programs\MiKTeX\tex/generic/kvdefinekeys\kvdefine
keys.sty
Package: kvdefinekeys 2019-12-19 v1.6 Define keys (HO)
)
(C:\Users\jenst\AppData\Local\Programs\MiKTeX\tex/generic/pdfescape\pdfescape.s
ty
Package: pdfescape 2019/12/09 v1.15 Implements pdfTeX's escape features (HO)
) (C:\Users\jenst\AppData\Local\Programs\MiKTeX\tex/latex/hycolor\hycolor.sty
Package: hycolor 2020-01-27 v1.10 Color options for hyperref/bookmark (HO)
)
(C:\Users\jenst\AppData\Local\Programs\MiKTeX\tex/latex/letltxmacro\letltxmacro
.sty
Package: letltxmacro 2019/12/03 v1.6 Let assignment for LaTeX macros (HO)
)
(C:\Users\jenst\AppData\Local\Programs\MiKTeX\tex/latex/auxhook\auxhook.sty
Package: auxhook 2019-12-17 v1.6 Hooks for auxiliary files (HO)
)
(C:\Users\jenst\AppData\Local\Programs\MiKTeX\tex/latex/kvoptions\kvoptions.sty
Package: kvoptions 2020-10-07 v3.14 Key value format for package options (HO)
)
\@linkdim=\dimen161
\Hy@linkcounter=\count272
\Hy@pagecounter=\count273
 (C:\Users\jenst\AppData\Local\Programs\MiKTeX\tex/latex/hyperref\pd1enc.def
File: pd1enc.def 2021-02-10 v7.00j Hyperref: PDFDocEncoding definition (HO)
Now handling font encoding PD1 ...
... no UTF-8 mapping file for font encoding PD1
)
(C:\Users\jenst\AppData\Local\Programs\MiKTeX\tex/latex/hyperref\hyperref-langp
atches.def
File: hyperref-langpatches.def 2021-02-10 v7.00j Hyperref: patches for babel la
nguages
)
(C:\Users\jenst\AppData\Local\Programs\MiKTeX\tex/generic/intcalc\intcalc.sty
Package: intcalc 2019/12/15 v1.3 Expandable calculations with integers (HO)
)
(C:\Users\jenst\AppData\Local\Programs\MiKTeX\tex/generic/etexcmds\etexcmds.sty
Package: etexcmds 2019/12/15 v1.7 Avoid name clashes with e-TeX commands (HO)
)
\Hy@SavedSpaceFactor=\count274
 (C:\Users\jenst\AppData\Local\Programs\MiKTeX\tex/latex/hyperref\puenc.def
File: puenc.def 2021-02-10 v7.00j Hyperref: PDF Unicode definition (HO)
Now handling font encoding PU ...
... no UTF-8 mapping file for font encoding PU
)
Package hyperref Info: Option `colorlinks' set `true' on input line 4073.
Package hyperref Info: Hyper figures OFF on input line 4192.
Package hyperref Info: Link nesting OFF on input line 4197.
Package hyperref Info: Hyper index ON on input line 4200.
Package hyperref Info: Plain pages OFF on input line 4207.
Package hyperref Info: Backreferencing OFF on input line 4212.
Package hyperref Info: Implicit mode ON; LaTeX internals redefined.
Package hyperref Info: Bookmarks ON on input line 4445.
\c@Hy@tempcnt=\count275

(C:\Users\jenst\AppData\Local\Programs\MiKTeX\tex/latex/url\url.sty
\Urlmuskip=\muskip17
Package: url 2013/09/16  ver 3.4  Verb mode for urls, etc.
)
LaTeX Info: Redefining \url on input line 4804.
\XeTeXLinkMargin=\dimen162

(C:\Users\jenst\AppData\Local\Programs\MiKTeX\tex/generic/bitset\bitset.sty
Package: bitset 2019/12/09 v1.3 Handle bit-vector datatype (HO)

(C:\Users\jenst\AppData\Local\Programs\MiKTeX\tex/generic/bigintcalc\bigintcalc
.sty
Package: bigintcalc 2019/12/15 v1.5 Expandable calculations on big integers (HO
)
))
\Fld@menulength=\count276
\Field@Width=\dimen163
\Fld@charsize=\dimen164
Package hyperref Info: Hyper figures OFF on input line 6075.
Package hyperref Info: Link nesting OFF on input line 6080.
Package hyperref Info: Hyper index ON on input line 6083.
Package hyperref Info: backreferencing OFF on input line 6090.
Package hyperref Info: Link coloring ON on input line 6093.
Package hyperref Info: Link coloring with OCG OFF on input line 6100.
Package hyperref Info: PDF/A mode OFF on input line 6105.
LaTeX Info: Redefining \ref on input line 6145.
LaTeX Info: Redefining \pageref on input line 6149.

(C:\Users\jenst\AppData\Local\Programs\MiKTeX\tex/latex/base\atbegshi-ltx.sty
Package: atbegshi-ltx 2020/08/17 v1.0a Emulation of the original atbegshi packa
ge
with kernel methods
)
\Hy@abspage=\count277
\c@Item=\count278
\c@Hfootnote=\count279
)
Package hyperref Info: Driver (autodetected): hpdftex.
(C:\Users\jenst\AppData\Local\Programs\MiKTeX\tex/latex/hyperref\hpdftex.def
File: hpdftex.def 2021-02-10 v7.00j Hyperref driver for pdfTeX

(C:\Users\jenst\AppData\Local\Programs\MiKTeX\tex/latex/base\atveryend-ltx.sty
Package: atveryend-ltx 2020/08/19 v1.0a Emulation of the original atvery packag
e
with kernel methods
)
\Fld@listcount=\count280
\c@bookmark@seq@number=\count281

(C:\Users\jenst\AppData\Local\Programs\MiKTeX\tex/latex/rerunfilecheck\rerunfil
echeck.sty
Package: rerunfilecheck 2019/12/05 v1.9 Rerun checks for auxiliary files (HO)

(C:\Users\jenst\AppData\Local\Programs\MiKTeX\tex/generic/uniquecounter\uniquec
ounter.sty
Package: uniquecounter 2019/12/15 v1.4 Provide unlimited unique counter (HO)
)
Package uniquecounter Info: New unique counter `rerunfilecheck' on input line 2
86.
)
\Hy@SectionHShift=\skip55
)
(C:\Users\jenst\AppData\Local\Programs\MiKTeX\tex/latex/caption\caption.sty
Package: caption 2020/10/26 v3.5g Customizing captions (AR)

(C:\Users\jenst\AppData\Local\Programs\MiKTeX\tex/latex/caption\caption3.sty
Package: caption3 2020/10/21 v2.2e caption3 kernel (AR)
\captionmargin=\dimen165
\captionmargin@=\dimen166
\captionwidth=\dimen167
\caption@tempdima=\dimen168
\caption@indent=\dimen169
\caption@parindent=\dimen170
\caption@hangindent=\dimen171
Package caption Info: Standard document class detected.
)
\c@caption@flags=\count282
\c@continuedfloat=\count283
Package caption Info: hyperref package is loaded.
)
(C:\Users\jenst\AppData\Local\Programs\MiKTeX\tex/latex/caption\subcaption.sty
Package: subcaption 2020/10/07 v1.3j Sub-captions (AR)
\c@subfigure=\count284
\c@subtable=\count285
) (C:\Users\jenst\AppData\Local\Programs\MiKTeX\tex/latex/base\textcomp.sty
Package: textcomp 2020/02/02 v2.0n Standard LaTeX package
)
(C:\Users\jenst\AppData\Local\Programs\MiKTeX\tex/latex/listings\listings.sty
\lst@mode=\count286
\lst@gtempboxa=\box51
\lst@token=\toks28
\lst@length=\count287
\lst@currlwidth=\dimen172
\lst@column=\count288
\lst@pos=\count289
\lst@lostspace=\dimen173
\lst@width=\dimen174
\lst@newlines=\count290
\lst@lineno=\count291
\lst@maxwidth=\dimen175

(C:\Users\jenst\AppData\Local\Programs\MiKTeX\tex/latex/listings\lstmisc.sty
File: lstmisc.sty 2020/03/24 1.8d (Carsten Heinz)
\c@lstnumber=\count292
\lst@skipnumbers=\count293
\lst@framebox=\box52
)
(C:\Users\jenst\AppData\Local\Programs\MiKTeX\tex/latex/listings\listings.cfg
File: listings.cfg 2020/03/24 1.8d listings configuration
))
Package: listings 2020/03/24 1.8d (Carsten Heinz)
(C:\Users\jenst\AppData\Local\Programs\MiKTeX\tex/latex/listings\lstlang1.sty
File: lstlang1.sty 2020/03/24 1.8d listings language file
)
\c@subproject=\count294

(C:\Users\jenst\AppData\Local\Programs\MiKTeX\tex/latex/l3backend\l3backend-pdf
tex.def
File: l3backend-pdftex.def 2021-02-18 L3 backend support: PDF output (pdfTeX)
\l__color_backend_stack_int=\count295
\l__pdf_internal_box=\box53
) (FYS-MEK-prosjekt.aux

LaTeX Warning: Label `eq:sumPotential' multiply defined.

(Section2.aux

LaTeX Warning: Label `fig:allEnergiesEuler15' multiply defined.

) (Section3.aux

LaTeX Warning: Label `fig:eksempelbilde1' multiply defined.


LaTeX Warning: Label `fig:3biv' multiply defined.


LaTeX Warning: Label `fig:3di_2' multiply defined.


LaTeX Warning: Label `fig:3di_2' multiply defined.


LaTeX Warning: Label `fig:3di_2' multiply defined.

)

LaTeX Warning: Label `fig:3biv' multiply defined.


LaTeX Warning: Label `fig:3biv' multiply defined.


LaTeX Warning: Label `fig:4biii' multiply defined.


LaTeX Warning: Label `fig:4bv' multiply defined.


LaTeX Warning: Label `fig:4bv' multiply defined.

)
\openout1 = `FYS-MEK-prosjekt.aux'.

LaTeX Font Info:    Checking defaults for OML/cmm/m/it on input line 65.
LaTeX Font Info:    ... okay on input line 65.
LaTeX Font Info:    Checking defaults for OMS/cmsy/m/n on input line 65.
LaTeX Font Info:    ... okay on input line 65.
LaTeX Font Info:    Checking defaults for OT1/cmr/m/n on input line 65.
LaTeX Font Info:    ... okay on input line 65.
LaTeX Font Info:    Checking defaults for T1/cmr/m/n on input line 65.
LaTeX Font Info:    ... okay on input line 65.
LaTeX Font Info:    Checking defaults for TS1/cmr/m/n on input line 65.
LaTeX Font Info:    ... okay on input line 65.
LaTeX Font Info:    Checking defaults for OMX/cmex/m/n on input line 65.
LaTeX Font Info:    ... okay on input line 65.
LaTeX Font Info:    Checking defaults for U/cmr/m/n on input line 65.
LaTeX Font Info:    ... okay on input line 65.
LaTeX Font Info:    Checking defaults for PD1/pdf/m/n on input line 65.
LaTeX Font Info:    ... okay on input line 65.
LaTeX Font Info:    Checking defaults for PU/pdf/m/n on input line 65.
LaTeX Font Info:    ... okay on input line 65.

(C:\Users\jenst\AppData\Local\Programs\MiKTeX\tex/context/base/mkii\supp-pdf.mk
ii
[Loading MPS to PDF converter (version 2006.09.02).]
\scratchcounter=\count296
\scratchdimen=\dimen176
\scratchbox=\box54
\nofMPsegments=\count297
\nofMParguments=\count298
\everyMPshowfont=\toks29
\MPscratchCnt=\count299
\MPscratchDim=\dimen177
\MPnumerator=\count300
\makeMPintoPDFobject=\count301
\everyMPtoPDFconversion=\toks30
)
(C:\Users\jenst\AppData\Local\Programs\MiKTeX\tex/latex/epstopdf-pkg\epstopdf-b
ase.sty
Package: epstopdf-base 2020-01-24 v2.11 Base part for package epstopdf
Package epstopdf-base Info: Redefining graphics rule for `.eps' on input line 4
85.
)
*geometry* driver: auto-detecting
*geometry* detected driver: pdftex
*geometry* verbose mode - [ preamble ] result:
* driver: pdftex
* paper: a4paper
* layout: <same size as paper>
* layoutoffset:(h,v)=(0.0pt,0.0pt)
* modes: 
* h-part:(L,W,R)=(89.62709pt, 418.25368pt, 89.6271pt)
* v-part:(T,H,B)=(101.40665pt, 591.5302pt, 152.11pt)
* \paperwidth=597.50787pt
* \paperheight=845.04684pt
* \textwidth=418.25368pt
* \textheight=591.5302pt
* \oddsidemargin=17.3571pt
* \evensidemargin=17.3571pt
* \topmargin=-7.86334pt
* \headheight=12.0pt
* \headsep=25.0pt
* \topskip=10.0pt
* \footskip=30.0pt
* \marginparwidth=57.0pt
* \marginparsep=11.0pt
* \columnsep=10.0pt
* \skip\footins=9.0pt plus 4.0pt minus 2.0pt
* \hoffset=0.0pt
* \voffset=0.0pt
* \mag=1000
* \@twocolumnfalse
* \@twosidefalse
* \@mparswitchfalse
* \@reversemarginfalse
* (1in=72.27pt=25.4mm, 1cm=28.453pt)

Package hyperref Info: Link coloring ON on input line 65.
(C:\Users\jenst\AppData\Local\Programs\MiKTeX\tex/latex/hyperref\nameref.sty
Package: nameref 2021-04-02 v2.47 Cross-referencing by name of section

(C:\Users\jenst\AppData\Local\Programs\MiKTeX\tex/latex/refcount\refcount.sty
Package: refcount 2019/12/15 v3.6 Data extraction from label references (HO)
)
(C:\Users\jenst\AppData\Local\Programs\MiKTeX\tex/generic/gettitlestring\gettit
lestring.sty
Package: gettitlestring 2019/12/15 v1.6 Cleanup title references (HO)
)
\c@section@level=\count302
LaTeX Info: Redefining \Ref on input line 520.
)
LaTeX Info: Redefining \ref on input line 65.
LaTeX Info: Redefining \pageref on input line 65.
LaTeX Info: Redefining \nameref on input line 65.
 (FYS-MEK-prosjekt.out) (FYS-MEK-prosjekt.out)
\@outlinefile=\write3
\openout3 = `FYS-MEK-prosjekt.out'.

LaTeX Info: Redefining \Ref on input line 65.
Package caption Info: Begin \AtBeginDocument code.
Package caption Info: listings package is loaded.
Package caption Info: End \AtBeginDocument code.
\c@lstlisting=\count303
LaTeX Font Info:    Trying to load font information for U+msa on input line 68.


(C:\Users\jenst\AppData\Local\Programs\MiKTeX\tex/latex/amsfonts\umsa.fd
File: umsa.fd 2013/01/14 v3.01 AMS symbols A
)
LaTeX Font Info:    Trying to load font information for U+msb on input line 68.


(C:\Users\jenst\AppData\Local\Programs\MiKTeX\tex/latex/amsfonts\umsb.fd
File: umsb.fd 2013/01/14 v3.01 AMS symbols B
)
[1

{C:/Users/jenst/AppData/Local/MiKTeX/pdftex/config/pdftex.map}]
<1a_i.jpg, id=27, 433.62pt x 289.08pt>
File: 1a_i.jpg Graphic file (type jpg)
<use 1a_i.jpg>
Package pdftex.def Info: 1a_i.jpg  used on input line 81.
(pdftex.def)             Requested size: 260.17401pt x 173.44933pt.
 [2 <./1a_i.jpg>] [3] [4] [5] [6]
\openout2 = `Section2.aux'.

 (Section2.tex
<./py/two-particle-distance-15.jpg, id=97, 433.62pt x 289.08pt>
File: ./py/two-particle-distance-15.jpg Graphic file (type jpg)
<use ./py/two-particle-distance-15.jpg>
Package pdftex.def Info: ./py/two-particle-distance-15.jpg  used on input line 
23.
(pdftex.def)             Requested size: 346.89647pt x 231.2643pt.
 [7

 <./py/two-particle-distance-15.jpg>]
<./py/two-particle-distance-095.jpg, id=110, 433.62pt x 289.08pt>
File: ./py/two-particle-distance-095.jpg Graphic file (type jpg)
<use ./py/two-particle-distance-095.jpg>
Package pdftex.def Info: ./py/two-particle-distance-095.jpg  used on input line
 40.
(pdftex.def)             Requested size: 346.89647pt x 231.2643pt.

[8 <./py/two-particle-distance-095.jpg>]

LaTeX Warning: Reference `fig:allEnergies' on page 9 undefined on input line 55
.

<./py/2ci_allEnergiesCromer15.jpg, id=118, 433.62pt x 289.08pt>
File: ./py/2ci_allEnergiesCromer15.jpg Graphic file (type jpg)
<use ./py/2ci_allEnergiesCromer15.jpg>
Package pdftex.def Info: ./py/2ci_allEnergiesCromer15.jpg  used on input line 6
0.
(pdftex.def)             Requested size: 346.89647pt x 231.2643pt.
<./py/2ci_allEnergiesCromer095.jpg, id=119, 433.62pt x 289.08pt>
File: ./py/2ci_allEnergiesCromer095.jpg Graphic file (type jpg)
<use ./py/2ci_allEnergiesCromer095.jpg>
Package pdftex.def Info: ./py/2ci_allEnergiesCromer095.jpg  used on input line 
70.
(pdftex.def)             Requested size: 346.89647pt x 231.2643pt.

LaTeX Warning: `!h' float specifier changed to `!ht'.

[9 <./py/2ci_allEnergiesCromer15.jpg>]
<./py/2civ_allEnergiesEuler15.jpg, id=131, 433.62pt x 289.08pt>
File: ./py/2civ_allEnergiesEuler15.jpg Graphic file (type jpg)
<use ./py/2civ_allEnergiesEuler15.jpg>
Package pdftex.def Info: ./py/2civ_allEnergiesEuler15.jpg  used on input line 1
00.
(pdftex.def)             Requested size: 346.89647pt x 231.2643pt.


LaTeX Warning: `!h' float specifier changed to `!ht'.

<./py/2civ_allEnergiesEulerCromer15.jpg, id=132, 433.62pt x 289.08pt>
File: ./py/2civ_allEnergiesEulerCromer15.jpg Graphic file (type jpg)
<use ./py/2civ_allEnergiesEulerCromer15.jpg>
Package pdftex.def Info: ./py/2civ_allEnergiesEulerCromer15.jpg  used on input 
line 109.
(pdftex.def)             Requested size: 346.89647pt x 231.2643pt.

LaTeX Warning: `!h' float specifier changed to `!ht'.

<./py/2civ_allEnergiesVelocityVerlet15.jpg, id=133, 433.62pt x 289.08pt>
File: ./py/2civ_allEnergiesVelocityVerlet15.jpg Graphic file (type jpg)
<use ./py/2civ_allEnergiesVelocityVerlet15.jpg>
Package pdftex.def Info: ./py/2civ_allEnergiesVelocityVerlet15.jpg  used on inp
ut line 117.
(pdftex.def)             Requested size: 346.89647pt x 231.2643pt.

LaTeX Warning: `!h' float specifier changed to `!ht'.

<./py/2civ_allEnergiesEuler095.jpg, id=134, 433.62pt x 289.08pt>
File: ./py/2civ_allEnergiesEuler095.jpg Graphic file (type jpg)
<use ./py/2civ_allEnergiesEuler095.jpg>
Package pdftex.def Info: ./py/2civ_allEnergiesEuler095.jpg  used on input line 
126.
(pdftex.def)             Requested size: 346.89647pt x 231.2643pt.

LaTeX Warning: `!h' float specifier changed to `!ht'.

<./py/2civ_allEnergiesEulerCromer095.jpg, id=135, 433.62pt x 289.08pt>
File: ./py/2civ_allEnergiesEulerCromer095.jpg Graphic file (type jpg)
<use ./py/2civ_allEnergiesEulerCromer095.jpg>
Package pdftex.def Info: ./py/2civ_allEnergiesEulerCromer095.jpg  used on input
 line 136.
(pdftex.def)             Requested size: 346.89647pt x 231.2643pt.

LaTeX Warning: `!h' float specifier changed to `!ht'.

<./py/2civ_allEnergiesVelocityVerlet095.jpg, id=136, 433.62pt x 289.08pt>
File: ./py/2civ_allEnergiesVelocityVerlet095.jpg Graphic file (type jpg)
<use ./py/2civ_allEnergiesVelocityVerlet095.jpg>
Package pdftex.def Info: ./py/2civ_allEnergiesVelocityVerlet095.jpg  used on in
put line 146.
(pdftex.def)             Requested size: 346.89647pt x 231.2643pt.

LaTeX Warning: `!h' float specifier changed to `!ht'.

[10 <./py/2ci_allEnergiesCromer095.jpg>] [11 <./py/2civ_allEnergiesEuler15.jpg>
 <./py/2civ_allEnergiesEulerCromer15.jpg>] [12 <./py/2civ_allEnergiesVelocityVe
rlet15.jpg> <./py/2civ_allEnergiesEuler095.jpg>] [13 <./py/2civ_allEnergiesEule
rCromer095.jpg> <./py/2civ_allEnergiesVelocityVerlet095.jpg>]
<./py/2dii_ovito.JPG, id=164, 533.74406pt x 560.0925pt>
File: ./py/2dii_ovito.JPG Graphic file (type jpg)
<use ./py/2dii_ovito.JPG>
Package pdftex.def Info: ./py/2dii_ovito.JPG  used on input line 185.
(pdftex.def)             Requested size: 320.2489pt x 336.05809pt.
) [14 <./py/2dii_ovito.JPG>]
\openout2 = `Section3.aux'.

 (Section3.tex
<./py/plotPotentialDiff.jpg, id=172, 433.62pt x 289.08pt>
File: ./py/plotPotentialDiff.jpg Graphic file (type jpg)
<use ./py/plotPotentialDiff.jpg>
Package pdftex.def Info: ./py/plotPotentialDiff.jpg  used on input line 34.
(pdftex.def)             Requested size: 260.17401pt x 173.44933pt.


LaTeX Warning: `!h' float specifier changed to `!ht'.

[15



]
<./py/3biii_ovito.jpg, id=183, 581.17125pt x 563.85657pt>
File: ./py/3biii_ovito.jpg Graphic file (type jpg)
<use ./py/3biii_ovito.jpg>
Package pdftex.def Info: ./py/3biii_ovito.jpg  used on input line 65.
(pdftex.def)             Requested size: 348.70544pt x 338.31654pt.


LaTeX Warning: `!h' float specifier changed to `!ht'.

<./py/3b_iv.jpg, id=184, 433.62pt x 289.08pt>
File: ./py/3b_iv.jpg Graphic file (type jpg)
<use ./py/3b_iv.jpg>
Package pdftex.def Info: ./py/3b_iv.jpg  used on input line 81.
(pdftex.def)             Requested size: 260.17401pt x 173.44933pt.

LaTeX Warning: `!h' float specifier changed to `!ht'.

[16 <./py/plotPotentialDiff.jpg>]

LaTeX Warning: Text page 17 contains only floats.


Overfull \vbox (0.23567pt too high) has occurred while \output is active []


[17 <./py/3biii_ovito.jpg> <./py/3b_iv.jpg>]
<./py/3b_v.jpg, id=200, 433.62pt x 289.08pt>
File: ./py/3b_v.jpg Graphic file (type jpg)
<use ./py/3b_v.jpg>
Package pdftex.def Info: ./py/3b_v.jpg  used on input line 96.
(pdftex.def)             Requested size: 260.17401pt x 173.44933pt.
 [18 <./py/3b_v.jpg>]

LaTeX Warning: Command \r invalid in math mode on input line 138.


LaTeX Warning: Command \r invalid in math mode on input line 138.


LaTeX Warning: Command \r invalid in math mode on input line 138.


LaTeX Warning: Command \r invalid in math mode on input line 167.

<./py/3di_1_ovito.jpg, id=211, 471.26062pt x 408.77719pt>
File: ./py/3di_1_ovito.jpg Graphic file (type jpg)
<use ./py/3di_1_ovito.jpg>
Package pdftex.def Info: ./py/3di_1_ovito.jpg  used on input line 185.
(pdftex.def)             Requested size: 282.75856pt x 245.2682pt.

LaTeX Warning: `!h' float specifier changed to `!ht'.

[19]
<./py/3dii_energy_two.jpg, id=225, 433.62pt x 289.08pt>
File: ./py/3dii_energy_two.jpg Graphic file (type jpg)
<use ./py/3dii_energy_two.jpg>
Package pdftex.def Info: ./py/3dii_energy_two.jpg  used on input line 202.
(pdftex.def)             Requested size: 260.17401pt x 173.44933pt.
<./py/3dii_energy_four.jpg, id=226, 433.62pt x 289.08pt>
File: ./py/3dii_energy_four.jpg Graphic file (type jpg)
<use ./py/3dii_energy_four.jpg>
Package pdftex.def Info: ./py/3dii_energy_four.jpg  used on input line 210.
(pdftex.def)             Requested size: 260.17401pt x 173.44933pt.


LaTeX Warning: `!h' float specifier changed to `!ht'.

[20 <./py/3di_1_ovito.jpg> <./py/3dii_energy_two.jpg>]
<./py/3di_3_ovito.jpg, id=234, 651.93562pt x 529.98pt>
File: ./py/3di_3_ovito.jpg Graphic file (type jpg)
<use ./py/3di_3_ovito.jpg>
Package pdftex.def Info: ./py/3di_3_ovito.jpg  used on input line 235.
(pdftex.def)             Requested size: 391.16438pt x 317.99043pt.


LaTeX Warning: `!h' float specifier changed to `!ht'.

<./py/3di_2_ovito.jpg, id=235, 572.89032pt x 479.54156pt>
File: ./py/3di_2_ovito.jpg Graphic file (type jpg)
<use ./py/3di_2_ovito.jpg>
Package pdftex.def Info: ./py/3di_2_ovito.jpg  used on input line 245.
(pdftex.def)             Requested size: 343.73683pt x 287.72716pt.

LaTeX Warning: `!h' float specifier changed to `!ht'.

) [21 <./py/3dii_energy_four.jpg>] [22 <./py/3di_3_ovito.jpg>] [23 <./py/3di_2_
ovito.jpg>]
<./py/4a_ii_fast.jpg, id=253, 433.62pt x 289.08pt>
File: ./py/4a_ii_fast.jpg Graphic file (type jpg)
<use ./py/4a_ii_fast.jpg>
Package pdftex.def Info: ./py/4a_ii_fast.jpg  used on input line 325.
(pdftex.def)             Requested size: 260.17401pt x 173.44933pt.
 [24


 <./py/4a_ii_fast.jpg>]
<./py/4a_iii_fast.jpg, id=264, 433.62pt x 289.08pt>
File: ./py/4a_iii_fast.jpg Graphic file (type jpg)
<use ./py/4a_iii_fast.jpg>
Package pdftex.def Info: ./py/4a_iii_fast.jpg  used on input line 343.
(pdftex.def)             Requested size: 260.17401pt x 173.44933pt.
 [25 <./py/4a_iii_fast.jpg>]

LaTeX Warning: Reference `fig:4bii' on page 26 undefined on input line 359.

<./py/4b_ii_velcorr.jpg, id=273, 433.62pt x 289.08pt>
File: ./py/4b_ii_velcorr.jpg Graphic file (type jpg)
<use ./py/4b_ii_velcorr.jpg>
Package pdftex.def Info: ./py/4b_ii_velcorr.jpg  used on input line 369.
(pdftex.def)             Requested size: 146.38814pt x 97.59337pt.
<./py/4Rahman.jpg, id=274, 327.47343pt x 391.4625pt>
File: ./py/4Rahman.jpg Graphic file (type jpg)
<use ./py/4Rahman.jpg>
Package pdftex.def Info: ./py/4Rahman.jpg  used on input line 375.
(pdftex.def)             Requested size: 146.38814pt x 174.99171pt.

LaTeX Warning: Citation `Rahman 1964' on page 26 undefined on input line 376.


LaTeX Warning: Citation `Rahman 1964' on page 26 undefined on input line 376.

[26 <./py/4b_ii_velcorr.jpg> <./py/4Rahman.jpg>]
<./py/4b_iii.jpg, id=282, 433.62pt x 289.08pt>
File: ./py/4b_iii.jpg Graphic file (type jpg)
<use ./py/4b_iii.jpg>
Package pdftex.def Info: ./py/4b_iii.jpg  used on input line 393.
(pdftex.def)             Requested size: 260.17401pt x 173.44933pt.
 [27 <./py/4b_iii.jpg>]
<./py/4biv_avg.jpg, id=289, 433.62pt x 289.08pt>
File: ./py/4biv_avg.jpg Graphic file (type jpg)
<use ./py/4biv_avg.jpg>
Package pdftex.def Info: ./py/4biv_avg.jpg  used on input line 409.
(pdftex.def)             Requested size: 260.17401pt x 173.44933pt.
<./py/4b_v.jpg, id=290, 433.62pt x 289.08pt>
File: ./py/4b_v.jpg Graphic file (type jpg)
<use ./py/4b_v.jpg>
Package pdftex.def Info: ./py/4b_v.jpg  used on input line 426.
(pdftex.def)             Requested size: 260.17401pt x 173.44933pt.

[28 <./py/4biv_avg.jpg> <./py/4b_v.jpg>]
<./py/4c_i.jpg, id=299, 433.62pt x 289.08pt>
File: ./py/4c_i.jpg Graphic file (type jpg)
<use ./py/4c_i.jpg>
Package pdftex.def Info: ./py/4c_i.jpg  used on input line 442.
(pdftex.def)             Requested size: 260.17401pt x 173.44933pt.
<./py/3Rahman.jpg, id=300, 333.49594pt x 402.75468pt>
File: ./py/3Rahman.jpg Graphic file (type jpg)
<use ./py/3Rahman.jpg>
Package pdftex.def Info: ./py/3Rahman.jpg  used on input line 451.
(pdftex.def)             Requested size: 200.09909pt x 241.65466pt.


LaTeX Warning: `!h' float specifier changed to `!ht'.

[29 <./py/4c_i.jpg>]
<./py/4c_ii_diffusionConstant.jpg, id=306, 433.62pt x 289.08pt>
File: ./py/4c_ii_diffusionConstant.jpg Graphic file (type jpg)
<use ./py/4c_ii_diffusionConstant.jpg>
Package pdftex.def Info: ./py/4c_ii_diffusionConstant.jpg  used on input line 4
68.
(pdftex.def)             Requested size: 260.17401pt x 173.44933pt.
 [30 <./py/3Rahman.jpg> <./py/4c_ii_diffusionConstant.jpg>]

LaTeX Warning: File `./py/4di_rdf_bar.jpg' not found on input line 488.


! Package pdftex.def Error: File `./py/4di_rdf_bar.jpg' not found: using draft 
setting.

See the pdftex.def package documentation for explanation.
Type  H <return>  for immediate help.
 ...                                              
                                                  
l.488 ...graphics[scale=0.6]{./py/4di_rdf_bar.jpg}
                                                  
Try typing  <return>  to proceed.
If that doesn't work, type  X <return>  to quit.

<./py/4di_rdf_plot.jpg, id=313, 433.62pt x 289.08pt>
File: ./py/4di_rdf_plot.jpg Graphic file (type jpg)
<use ./py/4di_rdf_plot.jpg>
Package pdftex.def Info: ./py/4di_rdf_plot.jpg  used on input line 498.
(pdftex.def)             Requested size: 260.17401pt x 173.44933pt.
<./py/Rahman2.jpg, id=314, 365.86688pt x 465.99094pt>
File: ./py/Rahman2.jpg Graphic file (type jpg)
<use ./py/Rahman2.jpg>
Package pdftex.def Info: ./py/Rahman2.jpg  used on input line 507.
(pdftex.def)             Requested size: 219.52182pt x 279.59671pt.

LaTeX Warning: `!h' float specifier changed to `!ht'.

[31 <./py/4di_rdf_plot.jpg>] [32 <./py/Rahman2.jpg>] (FYS-MEK-prosjekt.aux
(Section2.aux) (Section3.aux))

LaTeX Warning: There were undefined references.


LaTeX Warning: There were multiply-defined labels.

Package rerunfilecheck Info: File `FYS-MEK-prosjekt.out' has not changed.
(rerunfilecheck)             Checksum: B0823D8D67EF5592AF29258AE2ADFE9D;321.
 ) 
Here is how much of TeX's memory you used:
 13762 strings out of 479334
 210364 string characters out of 2857084
 726695 words of memory out of 3000000
 30801 multiletter control sequences out of 15000+200000
 412136 words of font info for 61 fonts, out of 3000000 for 9000
 1141 hyphenation exceptions out of 8191
 71i,8n,74p,741b,430s stack positions out of 5000i,500n,10000p,200000b,50000s
 <C:\Users\jenst\AppData\Local\MiKTeX\fonts/pk/ljfour/jknappen/ec/dpi600\tcrm
1000.pk> <C:\Users\jenst\AppData\Local\MiKTeX\fonts/pk/ljfour/jknappen/ec/dpi60
0\tcbx1000.pk><C:/Users/jenst/AppData/Local/Programs/MiKTeX/fonts/type1/public/
amsfonts/cm/cmbx10.pfb><C:/Users/jenst/AppData/Local/Programs/MiKTeX/fonts/type
1/public/amsfonts/cm/cmbx12.pfb><C:/Users/jenst/AppData/Local/Programs/MiKTeX/f
onts/type1/public/amsfonts/cm/cmex10.pfb><C:/Users/jenst/AppData/Local/Programs
/MiKTeX/fonts/type1/public/amsfonts/cm/cmmi10.pfb><C:/Users/jenst/AppData/Local
/Programs/MiKTeX/fonts/type1/public/amsfonts/cm/cmmi5.pfb><C:/Users/jenst/AppDa
ta/Local/Programs/MiKTeX/fonts/type1/public/amsfonts/cm/cmmi7.pfb><C:/Users/jen
st/AppData/Local/Programs/MiKTeX/fonts/type1/public/amsfonts/cm/cmr10.pfb><C:/U
sers/jenst/AppData/Local/Programs/MiKTeX/fonts/type1/public/amsfonts/cm/cmr12.p
fb><C:/Users/jenst/AppData/Local/Programs/MiKTeX/fonts/type1/public/amsfonts/cm
/cmr17.pfb><C:/Users/jenst/AppData/Local/Programs/MiKTeX/fonts/type1/public/ams
fonts/cm/cmr5.pfb><C:/Users/jenst/AppData/Local/Programs/MiKTeX/fonts/type1/pub
lic/amsfonts/cm/cmr7.pfb><C:/Users/jenst/AppData/Local/Programs/MiKTeX/fonts/ty
pe1/public/amsfonts/cm/cmsy10.pfb><C:/Users/jenst/AppData/Local/Programs/MiKTeX
/fonts/type1/public/amsfonts/cm/cmsy7.pfb><C:/Users/jenst/AppData/Local/Program
s/MiKTeX/fonts/type1/public/amsfonts/cm/cmtt10.pfb>
Output written on FYS-MEK-prosjekt.pdf (32 pages, 1188247 bytes).
PDF statistics:
 415 PDF objects out of 1000 (max. 8388607)
 157 named destinations out of 1000 (max. 500000)
 198 words of extra memory for PDF output out of 10000 (max. 10000000)

